#
# There is insufficient memory for the Java Runtime Environment to continue.
# Native memory allocation (malloc) failed to allocate 654736 bytes for Chunk::new
# Possible reasons:
#   The system is out of physical RAM or swap space
#   In 32 bit mode, the process size limit was hit
# Possible solutions:
#   Reduce memory load on the system
#   Increase physical memory or swap space
#   Check if swap backing store is full
#   Use 64 bit Java on a 64 bit OS
#   Decrease Java heap size (-Xmx/-Xms)
#   Decrease number of Java threads
#   Decrease Java thread stack sizes (-Xss)
#   Set larger code cache with -XX:ReservedCodeCacheSize=
# This output file may be truncated or incomplete.
#
#  Out of Memory Error (allocation.cpp:390), pid=4928, tid=7356
#
# JRE version: Java(TM) SE Runtime Environment (8.0_25-b18) (build 1.8.0_25-b18)
# Java VM: Java HotSpot(TM) 64-Bit Server VM (25.25-b02 mixed mode windows-amd64 compressed oops)
# Failed to write core dump. Minidumps are not enabled by default on client versions of Windows
#

---------------  T H R E A D  ---------------

Current thread (0x00000000148df000):  JavaThread "C2 CompilerThread0" daemon [_thread_in_native, id=7356, stack(0x0000000015e60000,0x0000000015f60000)]

Stack: [0x0000000015e60000,0x0000000015f60000]
Native frames: (J=compiled Java code, j=interpreted, Vv=VM code, C=native code)
V  [jvm.dll+0x31667a]
V  [jvm.dll+0x267073]
V  [jvm.dll+0x267cb3]
V  [jvm.dll+0x25f5b5]
V  [jvm.dll+0xbf165]
V  [jvm.dll+0xbf60c]
V  [jvm.dll+0x45d672]
V  [jvm.dll+0x49e8ef]
V  [jvm.dll+0x452b41]
V  [jvm.dll+0x453864]
V  [jvm.dll+0x437372]
V  [jvm.dll+0x98a02]
V  [jvm.dll+0x991f3]
V  [jvm.dll+0x22bde4]
V  [jvm.dll+0x2852fa]
C  [msvcr100.dll+0x21d9f]
C  [msvcr100.dll+0x21e3b]
C  [KERNEL32.DLL+0x12d92]
C  [ntdll.dll+0x9f64]


Current CompileTask:
C2:  11218 1211       4       java.io.WinNTFileSystem::normalize (143 bytes)


---------------  P R O C E S S  ---------------

Java Threads: ( => current thread )
  0x0000000017127000 JavaThread "Stdin handler" [_thread_blocked, id=3596, stack(0x0000000018a80000,0x0000000018b80000)]
  0x0000000016478800 JavaThread "Daemon worker" [_thread_in_Java, id=12384, stack(0x0000000018980000,0x0000000018a80000)]
  0x0000000016475000 JavaThread "Cancel handler" [_thread_blocked, id=3800, stack(0x0000000018880000,0x0000000018980000)]
  0x0000000016b26800 JavaThread "Handler for socket connection from /127.0.0.1:62753 to /127.0.0.1:62754" [_thread_in_native, id=1608, stack(0x0000000018780000,0x0000000018880000)]
  0x0000000016bb9800 JavaThread "Daemon" [_thread_blocked, id=7724, stack(0x0000000018680000,0x0000000018780000)]
  0x000000001687b000 JavaThread "Incoming local TCP Connector on port 62753" [_thread_in_native, id=8440, stack(0x0000000018380000,0x0000000018480000)]
  0x0000000016185000 JavaThread "Service Thread" daemon [_thread_blocked, id=12340, stack(0x0000000016560000,0x0000000016660000)]
  0x00000000148e8000 JavaThread "C1 CompilerThread2" daemon [_thread_blocked, id=13004, stack(0x0000000016060000,0x0000000016160000)]
  0x00000000148e1000 JavaThread "C2 CompilerThread1" daemon [_thread_blocked, id=6608, stack(0x0000000015f60000,0x0000000016060000)]
=>0x00000000148df000 JavaThread "C2 CompilerThread0" daemon [_thread_in_native, id=7356, stack(0x0000000015e60000,0x0000000015f60000)]
  0x00000000148dd800 JavaThread "Attach Listener" daemon [_thread_blocked, id=6688, stack(0x0000000015d60000,0x0000000015e60000)]
  0x00000000148dc800 JavaThread "Signal Dispatcher" daemon [_thread_blocked, id=12060, stack(0x0000000015c60000,0x0000000015d60000)]
  0x0000000002208000 JavaThread "Finalizer" daemon [_thread_blocked, id=8276, stack(0x0000000015b50000,0x0000000015c50000)]
  0x00000000021ff000 JavaThread "Reference Handler" daemon [_thread_blocked, id=11552, stack(0x0000000015a50000,0x0000000015b50000)]
  0x0000000002112800 JavaThread "main" [_thread_blocked, id=12128, stack(0x0000000002010000,0x0000000002110000)]

Other Threads:
  0x00000000148a5800 VMThread [stack: 0x0000000015950000,0x0000000015a50000] [id=13108]
  0x0000000016189000 WatcherThread [stack: 0x0000000016660000,0x0000000016760000] [id=13112]

VM state:not at safepoint (normal execution)

VM Mutex/Monitor currently owned by a thread: None

Heap:
 PSYoungGen      total 18944K, used 18456K [0x00000000eab00000, 0x00000000ec000000, 0x0000000100000000)
  eden space 16384K, 97% used [0x00000000eab00000,0x00000000eba8b5c0,0x00000000ebb00000)
  from space 2560K, 99% used [0x00000000ebd80000,0x00000000ebffad08,0x00000000ec000000)
  to   space 2560K, 0% used [0x00000000ebb00000,0x00000000ebb00000,0x00000000ebd80000)
 ParOldGen       total 44032K, used 1353K [0x00000000c0000000, 0x00000000c2b00000, 0x00000000eab00000)
  object space 44032K, 3% used [0x00000000c0000000,0x00000000c01524c0,0x00000000c2b00000)
 Metaspace       used 10968K, capacity 11274K, committed 11392K, reserved 1058816K
  class space    used 1465K, capacity 1553K, committed 1664K, reserved 1048576K

Card table byte_map: [0x00000000115d0000,0x00000000117e0000] byte_map_base: 0x0000000010fd0000

Marking Bits: (ParMarkBitMap*) 0x000000005a28d490
 Begin Bits: [0x0000000011d40000, 0x0000000012d40000)
 End Bits:   [0x0000000012d40000, 0x0000000013d40000)

Polling page: 0x0000000001f80000

CodeCache: size=245760Kb used=4343Kb max_used=4353Kb free=241416Kb
 bounds [0x0000000002210000, 0x0000000002660000, 0x0000000011210000]
 total_blobs=1562 nmethods=1219 adapters=257
 compilation: enabled

Compilation events (10 events):
Event: 11.063 Thread 0x00000000148e8000 1208       3       java.net.URI$Parser::checkChar (14 bytes)
Event: 11.064 Thread 0x00000000148e8000 nmethod 1208 0x000000000263c810 code [0x000000000263c980, 0x000000000263cb28]
Event: 11.068 Thread 0x00000000148e8000 1210  s    3       java.io.ByteArrayInputStream::read (101 bytes)
Event: 11.068 Thread 0x00000000148df000 1211       4       java.io.WinNTFileSystem::normalize (143 bytes)
Event: 11.069 Thread 0x00000000148e8000 nmethod 1210 0x0000000002645ad0 code [0x0000000002645c80, 0x00000000026463a8]
Event: 11.071 Thread 0x00000000148e8000 1212       3       java.util.ArrayList::indexOf (67 bytes)
Event: 11.072 Thread 0x00000000148e8000 nmethod 1212 0x0000000002645250 code [0x00000000026453e0, 0x00000000026458a8]
Event: 11.076 Thread 0x00000000148e8000 1213   !   3       java.util.zip.Inflater::end (50 bytes)
Event: 11.077 Thread 0x00000000148e8000 nmethod 1213 0x0000000002644a90 code [0x0000000002644c20, 0x0000000002645088]
Event: 11.101 Thread 0x00000000148e1000 nmethod 1201% 0x000000000264d450 code [0x000000000264d780, 0x000000000264ec50]

GC Heap History (4 events):
Event: 1.242 GC heap before
{Heap before GC invocations=1 (full 0):
 PSYoungGen      total 18944K, used 16384K [0x00000000eab00000, 0x00000000ec000000, 0x0000000100000000)
  eden space 16384K, 100% used [0x00000000eab00000,0x00000000ebb00000,0x00000000ebb00000)
  from space 2560K, 0% used [0x00000000ebd80000,0x00000000ebd80000,0x00000000ec000000)
  to   space 2560K, 0% used [0x00000000ebb00000,0x00000000ebb00000,0x00000000ebd80000)
 ParOldGen       total 44032K, used 0K [0x00000000c0000000, 0x00000000c2b00000, 0x00000000eab00000)
  object space 44032K, 0% used [0x00000000c0000000,0x00000000c0000000,0x00000000c2b00000)
 Metaspace       used 6394K, capacity 6500K, committed 6528K, reserved 1056768K
  class space    used 821K, capacity 888K, committed 896K, reserved 1048576K
Event: 1.248 GC heap after
Heap after GC invocations=1 (full 0):
 PSYoungGen      total 18944K, used 2549K [0x00000000eab00000, 0x00000000ec000000, 0x0000000100000000)
  eden space 16384K, 0% used [0x00000000eab00000,0x00000000eab00000,0x00000000ebb00000)
  from space 2560K, 99% used [0x00000000ebb00000,0x00000000ebd7d600,0x00000000ebd80000)
  to   space 2560K, 0% used [0x00000000ebd80000,0x00000000ebd80000,0x00000000ec000000)
 ParOldGen       total 44032K, used 877K [0x00000000c0000000, 0x00000000c2b00000, 0x00000000eab00000)
  object space 44032K, 1% used [0x00000000c0000000,0x00000000c00db7d0,0x00000000c2b00000)
 Metaspace       used 6394K, capacity 6500K, committed 6528K, reserved 1056768K
  class space    used 821K, capacity 888K, committed 896K, reserved 1048576K
}
Event: 9.375 GC heap before
{Heap before GC invocations=2 (full 0):
 PSYoungGen      total 18944K, used 18933K [0x00000000eab00000, 0x00000000ec000000, 0x0000000100000000)
  eden space 16384K, 100% used [0x00000000eab00000,0x00000000ebb00000,0x00000000ebb00000)
  from space 2560K, 99% used [0x00000000ebb00000,0x00000000ebd7d600,0x00000000ebd80000)
  to   space 2560K, 0% used [0x00000000ebd80000,0x00000000ebd80000,0x00000000ec000000)
 ParOldGen       total 44032K, used 877K [0x00000000c0000000, 0x00000000c2b00000, 0x00000000eab00000)
  object space 44032K, 1% used [0x00000000c0000000,0x00000000c00db7d0,0x00000000c2b00000)
 Metaspace       used 7729K, capacity 7932K, committed 8064K, reserved 1056768K
  class space    used 1010K, capacity 1088K, committed 1152K, reserved 1048576K
Event: 9.384 GC heap after
Heap after GC invocations=2 (full 0):
 PSYoungGen      total 18944K, used 2539K [0x00000000eab00000, 0x00000000ec000000, 0x0000000100000000)
  eden space 16384K, 0% used [0x00000000eab00000,0x00000000eab00000,0x00000000ebb00000)
  from space 2560K, 99% used [0x00000000ebd80000,0x00000000ebffad08,0x00000000ec000000)
  to   space 2560K, 0% used [0x00000000ebb00000,0x00000000ebb00000,0x00000000ebd80000)
 ParOldGen       total 44032K, used 1353K [0x00000000c0000000, 0x00000000c2b00000, 0x00000000eab00000)
  object space 44032K, 3% used [0x00000000c0000000,0x00000000c01524c0,0x00000000c2b00000)
 Metaspace       used 7729K, capacity 7932K, committed 8064K, reserved 1056768K
  class space    used 1010K, capacity 1088K, committed 1152K, reserved 1048576K
}

Deoptimization events (10 events):
Event: 1.579 Thread 0x0000000002112800 Uncommon trap: reason=unloaded action=reinterpret pc=0x00000000024d85bc method=sun.misc.URLClassPath$JarLoader.getResource(Ljava/lang/String;Z)Lsun/misc/Resource; @ 67
Event: 9.293 Thread 0x0000000002112800 Uncommon trap: reason=class_check action=maybe_recompile pc=0x000000000248c534 method=java.util.regex.Matcher.match(II)Z @ 86
Event: 9.293 Thread 0x0000000002112800 Uncommon trap: reason=bimorphic action=maybe_recompile pc=0x000000000248c598 method=java.util.regex.Pattern$Slice.match(Ljava/util/regex/Matcher;ILjava/lang/CharSequence;)Z @ 75
Event: 9.326 Thread 0x0000000002112800 Uncommon trap: reason=class_check action=maybe_recompile pc=0x000000000248c534 method=java.util.regex.Matcher.match(II)Z @ 86
Event: 10.693 Thread 0x000000001687b000 Uncommon trap: reason=class_check action=maybe_recompile pc=0x00000000024f19cc method=java.util.HashMap.putVal(ILjava/lang/Object;Ljava/lang/Object;ZZ)Ljava/lang/Object; @ 203
Event: 10.985 Thread 0x0000000016478800 Uncommon trap: reason=bimorphic action=maybe_recompile pc=0x00000000024f1998 method=java.util.HashMap.putVal(ILjava/lang/Object;Ljava/lang/Object;ZZ)Ljava/lang/Object; @ 253
Event: 10.986 Thread 0x0000000016478800 Uncommon trap: reason=bimorphic action=maybe_recompile pc=0x00000000024f1998 method=java.util.HashMap.putVal(ILjava/lang/Object;Ljava/lang/Object;ZZ)Ljava/lang/Object; @ 253
Event: 10.986 Thread 0x0000000016478800 Uncommon trap: reason=bimorphic action=maybe_recompile pc=0x00000000024f1998 method=java.util.HashMap.putVal(ILjava/lang/Object;Ljava/lang/Object;ZZ)Ljava/lang/Object; @ 253
Event: 10.986 Thread 0x0000000016478800 Uncommon trap: reason=bimorphic action=maybe_recompile pc=0x00000000024f1998 method=java.util.HashMap.putVal(ILjava/lang/Object;Ljava/lang/Object;ZZ)Ljava/lang/Object; @ 253
Event: 10.986 Thread 0x0000000016478800 Uncommon trap: reason=bimorphic action=maybe_recompile pc=0x00000000024af8ac method=java.util.HashMap.putVal(ILjava/lang/Object;Ljava/lang/Object;ZZ)Ljava/lang/Object; @ 253

Internal exceptions (10 events):
Event: 11.130 Thread 0x0000000016478800 Exception <a 'java/security/PrivilegedActionException'> (0x00000000eb746b70) thrown at [D:\re\workspace\8-2-build-windows-amd64-cygwin\jdk8u25\1677\hotspot\src\share\vm\prims\jvm.cpp, line 1312]
Event: 11.130 Thread 0x0000000016478800 Exception <a 'java/security/PrivilegedActionException'> (0x00000000eb747640) thrown at [D:\re\workspace\8-2-build-windows-amd64-cygwin\jdk8u25\1677\hotspot\src\share\vm\prims\jvm.cpp, line 1312]
Event: 11.130 Thread 0x0000000016478800 Exception <a 'java/security/PrivilegedActionException'> (0x00000000eb74a068) thrown at [D:\re\workspace\8-2-build-windows-amd64-cygwin\jdk8u25\1677\hotspot\src\share\vm\prims\jvm.cpp, line 1312]
Event: 11.130 Thread 0x0000000016478800 Exception <a 'java/security/PrivilegedActionException'> (0x00000000eb74aaa0) thrown at [D:\re\workspace\8-2-build-windows-amd64-cygwin\jdk8u25\1677\hotspot\src\share\vm\prims\jvm.cpp, line 1312]
Event: 11.131 Thread 0x0000000016478800 Exception <a 'java/security/PrivilegedActionException'> (0x00000000eb7501e8) thrown at [D:\re\workspace\8-2-build-windows-amd64-cygwin\jdk8u25\1677\hotspot\src\share\vm\prims\jvm.cpp, line 1312]
Event: 11.131 Thread 0x0000000016478800 Exception <a 'java/security/PrivilegedActionException'> (0x00000000eb750cb8) thrown at [D:\re\workspace\8-2-build-windows-amd64-cygwin\jdk8u25\1677\hotspot\src\share\vm\prims\jvm.cpp, line 1312]
Event: 11.132 Thread 0x0000000016478800 Exception <a 'java/security/PrivilegedActionException'> (0x00000000eb753590) thrown at [D:\re\workspace\8-2-build-windows-amd64-cygwin\jdk8u25\1677\hotspot\src\share\vm\prims\jvm.cpp, line 1312]
Event: 11.132 Thread 0x0000000016478800 Exception <a 'java/security/PrivilegedActionException'> (0x00000000eb754048) thrown at [D:\re\workspace\8-2-build-windows-amd64-cygwin\jdk8u25\1677\hotspot\src\share\vm\prims\jvm.cpp, line 1312]
Event: 11.133 Thread 0x0000000016478800 Exception <a 'java/security/PrivilegedActionException'> (0x00000000eb756bf0) thrown at [D:\re\workspace\8-2-build-windows-amd64-cygwin\jdk8u25\1677\hotspot\src\share\vm\prims\jvm.cpp, line 1312]
Event: 11.133 Thread 0x0000000016478800 Exception <a 'java/security/PrivilegedActionException'> (0x00000000eb7575a8) thrown at [D:\re\workspace\8-2-build-windows-amd64-cygwin\jdk8u25\1677\hotspot\src\share\vm\prims\jvm.cpp, line 1312]

Events (10 events):
Event: 11.130 loading class org/gradle/messaging/actor/ActorFactory
Event: 11.130 loading class org/gradle/messaging/actor/ActorFactory done
Event: 11.131 loading class org/gradle/api/internal/project/IsolatedAntBuilder
Event: 11.131 loading class org/gradle/api/internal/project/IsolatedAntBuilder done
Event: 11.131 loading class org/gradle/api/internal/project/ProjectRegistry
Event: 11.131 loading class org/gradle/api/internal/project/ProjectRegistry done
Event: 11.133 loading class org/gradle/cache/CacheValidator
Event: 11.133 loading class org/gradle/cache/CacheValidator done
Event: 11.133 loading class org/gradle/groovy/scripts/internal/ScriptCompilationHandler
Event: 11.133 loading class org/gradle/groovy/scripts/internal/ScriptCompilationHandler done


Dynamic libraries:
0x00007ff713d10000 - 0x00007ff713d44000 	C:\Program Files\Java\jdk1.8.0_25\bin\java.exe
0x00007ffe3bbb0000 - 0x00007ffe3bd71000 	C:\Windows\SYSTEM32\ntdll.dll
0x00007ffe39a60000 - 0x00007ffe39b0d000 	C:\Windows\system32\KERNEL32.DLL
0x00007ffe38a10000 - 0x00007ffe38bed000 	C:\Windows\system32\KERNELBASE.dll
0x00007ffe3baa0000 - 0x00007ffe3bb46000 	C:\Windows\system32\ADVAPI32.dll
0x00007ffe39fc0000 - 0x00007ffe3a05d000 	C:\Windows\system32\msvcrt.dll
0x00007ffe393c0000 - 0x00007ffe3941b000 	C:\Windows\system32\sechost.dll
0x00007ffe39ce0000 - 0x00007ffe39e06000 	C:\Windows\system32\RPCRT4.dll
0x00007ffe397d0000 - 0x00007ffe3991e000 	C:\Windows\system32\USER32.dll
0x00007ffe39420000 - 0x00007ffe395a6000 	C:\Windows\system32\GDI32.dll
0x00007ffe2dde0000 - 0x00007ffe2e054000 	C:\Windows\WinSxS\amd64_microsoft.windows.common-controls_6595b64144ccf1df_6.0.10240.16384_none_f41f7b285750ef43\COMCTL32.dll
0x00007ffe3ba60000 - 0x00007ffe3ba96000 	C:\Windows\system32\IMM32.DLL
0x00007ffe39b80000 - 0x00007ffe39cdc000 	C:\Windows\system32\MSCTF.dll
0x0000000059630000 - 0x0000000059702000 	C:\Program Files\Java\jdk1.8.0_25\jre\bin\msvcr100.dll
0x0000000059ab0000 - 0x000000005a30a000 	C:\Program Files\Java\jdk1.8.0_25\jre\bin\server\jvm.dll
0x00007ffe399f0000 - 0x00007ffe399f8000 	C:\Windows\system32\PSAPI.DLL
0x00007ffe27dd0000 - 0x00007ffe27dd9000 	C:\Windows\SYSTEM32\WSOCK32.dll
0x00007ffe36c30000 - 0x00007ffe36c53000 	C:\Windows\SYSTEM32\WINMM.dll
0x00007ffe39b10000 - 0x00007ffe39b79000 	C:\Windows\system32\WS2_32.dll
0x00007ffe39700000 - 0x00007ffe39708000 	C:\Windows\system32\NSI.dll
0x0000000001f90000 - 0x0000000001fbc000 	C:\Windows\SYSTEM32\WINMMBASE.dll
0x00007ffe38740000 - 0x00007ffe38784000 	C:\Windows\system32\cfgmgr32.dll
0x00007ffe36eb0000 - 0x00007ffe36ed7000 	C:\Windows\SYSTEM32\DEVOBJ.dll
0x0000000059aa0000 - 0x0000000059aaf000 	C:\Program Files\Java\jdk1.8.0_25\jre\bin\verify.dll
0x0000000059a70000 - 0x0000000059a98000 	C:\Program Files\Java\jdk1.8.0_25\jre\bin\java.dll
0x0000000059a50000 - 0x0000000059a66000 	C:\Program Files\Java\jdk1.8.0_25\jre\bin\zip.dll
0x00007ffe3a070000 - 0x00007ffe3b592000 	C:\Windows\system32\SHELL32.dll
0x00007ffe38c50000 - 0x00007ffe39279000 	C:\Windows\system32\windows.storage.dll
0x00007ffe3b7e0000 - 0x00007ffe3ba5c000 	C:\Windows\system32\combase.dll
0x00007ffe39360000 - 0x00007ffe393b1000 	C:\Windows\system32\shlwapi.dll
0x00007ffe38650000 - 0x00007ffe3865f000 	C:\Windows\system32\kernel.appcore.dll
0x00007ffe38680000 - 0x00007ffe38733000 	C:\Windows\system32\shcore.dll
0x00007ffe38600000 - 0x00007ffe3864a000 	C:\Windows\system32\powrprof.dll
0x00007ffe385e0000 - 0x00007ffe385f3000 	C:\Windows\system32\profapi.dll
0x00007ffe37e50000 - 0x00007ffe37e67000 	C:\Windows\SYSTEM32\CRYPTSP.dll
0x00007ffe38510000 - 0x00007ffe38538000 	C:\Windows\SYSTEM32\bcrypt.dll
0x00007ffe37aa0000 - 0x00007ffe37ad3000 	C:\Windows\system32\rsaenh.dll
0x00007ffe37b90000 - 0x00007ffe37baf000 	C:\Windows\SYSTEM32\USERENV.dll
0x00007ffe38390000 - 0x00007ffe383fb000 	C:\Windows\system32\bcryptprimitives.dll
0x00007ffe37fc0000 - 0x00007ffe37fcb000 	C:\Windows\SYSTEM32\CRYPTBASE.dll
0x0000000059840000 - 0x000000005985a000 	C:\Program Files\Java\jdk1.8.0_25\jre\bin\net.dll
0x00007ffe37df0000 - 0x00007ffe37e4d000 	C:\Windows\system32\mswsock.dll
0x00007ffe34190000 - 0x00007ffe341c8000 	C:\Windows\SYSTEM32\IPHLPAPI.DLL
0x00007ffe340e0000 - 0x00007ffe340eb000 	C:\Windows\SYSTEM32\WINNSI.DLL
0x00007ffe33490000 - 0x00007ffe334a6000 	C:\Windows\SYSTEM32\dhcpcsvc6.DLL
0x00007ffe33740000 - 0x00007ffe3375a000 	C:\Windows\SYSTEM32\dhcpcsvc.DLL
0x0000000059820000 - 0x0000000059831000 	C:\Program Files\Java\jdk1.8.0_25\jre\bin\nio.dll
0x00007ffe29f30000 - 0x00007ffe29f42000 	C:\Users\Manash\AppData\Local\Temp\native-platform7865971477215986316dir\native-platform.dll
0x00007ffe16090000 - 0x00007ffe1621a000 	C:\Windows\SYSTEM32\dbghelp.dll

VM Arguments:
jvm_args: -XX:MaxPermSize=256m -XX:+HeapDumpOnOutOfMemoryError -Xmx1024m -Dfile.encoding=windows-1252 -Duser.country=US -Duser.language=en -Duser.variant 
java_command: org.gradle.launcher.daemon.bootstrap.GradleDaemon 2.2.1 C:\Users\Manash\.gradle\daemon 10800000 abb4bd49-2510-46ae-934c-bbe581606cee -XX:MaxPermSize=256m -XX:+HeapDumpOnOutOfMemoryError -Xmx1024m -Dfile.encoding=windows-1252 -Duser.country=US -Duser.language=en -Duser.variant
java_class_path (initial): C:\Program Files\Android\Android Studio\gradle\gradle-2.2.1\lib\gradle-launcher-2.2.1.jar
Launcher Type: SUN_STANDARD

Environment Variables:
JAVA_HOME=C:\Program Files\Java\jdk1.8.0_25
PATH=C:\ProgramData\Oracle\Java\javapath;C:\Windows\system32;C:\Windows;C:\Windows\System32\Wbem;C:\Windows\System32\WindowsPowerShell\v1.0\;C:\Program Files (x86)\Intel\OpenCL SDK\2.0\bin\x86;C:\Program Files (x86)\Intel\OpenCL SDK\2.0\bin\x64;C:\Program Files\Microsoft SQL Server\110\Tools\Binn\;C:\Program Files\Microsoft SQL Server\120\Tools\Binn\;C:\Program Files\nodejs\;C:\Program Files (x86)\CMake\bin;C:\Program Files\Intel\WiFi\bin\;C:\Program Files\Common Files\Intel\WirelessCommon\;F:\MiKTeX 2.9\miktex\bin\x64\;C:\Program Files (x86)\Brackets\command;C:\Windows\system32;C:\Windows;C:\Windows\System32\Wbem;C:\Windows\System32\WindowsPowerShell\v1.0\;C:\Program Files\MATLAB\R2014a\runtime\win64;C:\Program Files\MATLAB\R2014a\bin;C:\Program Files\MATLAB\R2014a\polyspace\bin;C:\Windows\system32\config\systemprofile\.dnx\bin;C:\Program Files\Microsoft DNX\Dnvm\;C:\Program Files (x86)\Windows Kits\8.1\Windows Performance Toolkit\;C:\Program Files (x86)\Skype\Phone\;C:\Program Files (x86)\Common Files\lenovo\easyplussdk\bin;C:\Users\Manash\AppData\Roaming\npm;C:\Users\Manash\AppData\Local\atom\bin;C:\Qt\Qt5.4.0\5.4\mingw491_32\bin;C:\Qt\Qt5.4.0\Tools\mingw491_32\bin;C:\Python27;C:\Program Files\Intel\WiFi\bin\;C:\Program Files\Common Files\Intel\WirelessCommon\;C:\Program Files (x86)\Arduino\hardware\tools\avr\bin;C:\Program Files (x86)\Java\jre6\bin;C:\Python27\Scripts;
USERNAME=Manash
OS=Windows_NT
PROCESSOR_IDENTIFIER=Intel64 Family 6 Model 58 Stepping 9, GenuineIntel



---------------  S Y S T E M  ---------------

OS: Windows 8.1 , 64 bit Build 9600 

CPU:total 4 (2 cores per cpu, 2 threads per core) family 6 model 58 stepping 9, cmov, cx8, fxsr, mmx, sse, sse2, sse3, ssse3, sse4.1, sse4.2, popcnt, avx, aes, clmul, erms, ht, tsc, tscinvbit, tscinv

Memory: 4k page, physical 4094316k(268676k free), swap 7315484k(2396k free)

vm_info: Java HotSpot(TM) 64-Bit Server VM (25.25-b02) for windows-amd64 JRE (1.8.0_25-b18), built on Oct  7 2014 14:25:37 by "java_re" with MS VC++ 10.0 (VS2010)

time: Thu Sep 17 01:52:08 2015
elapsed time: 11 seconds (0d 0h 0m 11s)

